<?xml version="1.0" encoding="UTF-8"?>
<!-- Generated by org.testng.reporters.JUnitReportReporter -->
<testsuite skipped="0" hostname="DELL" name="com.qa.testscripts.Google" tests="1" failures="0" timestamp="27 Sep 2020 16:02:20 GMT" time="17.678" errors="0">
  <testcase name="google" time="17.678" classname="com.qa.testscripts.Google"/>
</testsuite> <!-- com.qa.testscripts.Google -->
