<?xml version="1.0" encoding="UTF-8"?>
<!-- Generated by org.testng.reporters.JUnitReportReporter -->
<testsuite skipped="0" hostname="DELL" name="com.qa.testscripts.Facebook" tests="1" failures="0" timestamp="27 Sep 2020 16:02:20 GMT" time="35.520" errors="0">
  <testcase name="facebook" time="35.520" classname="com.qa.testscripts.Facebook"/>
</testsuite> <!-- com.qa.testscripts.Facebook -->
